2025-03-12 15:19:27.613 [JavaFX Application Thread] WARN  com.itextpdf.layout.renderer.TableWidths - Table width is more than expected due to min width of cell(s).
2025-03-12 16:26:01.725 [JavaFX Application Thread] WARN  com.itextpdf.layout.renderer.TableWidths - Sum of table columns is greater than 100%.
2025-03-12 16:26:01.728 [JavaFX Application Thread] WARN  com.itextpdf.layout.renderer.TableRenderer - Last row is not completed. Table bottom border may collapse as you do not expect it
2025-03-18 00:56:20.135 [JavaFX Application Thread] WARN  com.itextpdf.layout.renderer.TableWidths - Table width is more than expected due to min width of cell(s).
2025-04-10 15:16:20.214 [JavaFX Application Thread] WARN  org.apache.poi.xssf.usermodel.XSSFWorkbook - Sheet 'Payroll Report - July 2024 to June 2025' will be added with a trimmed name 'Payroll Report - July 2024 to J' for MS Excel compliance.
2025-04-10 15:31:42.004 [JavaFX Application Thread] WARN  org.apache.poi.xssf.usermodel.XSSFWorkbook - Sheet 'Payroll Report - July 2024 to June 2025' will be added with a trimmed name 'Payroll Report - July 2024 to J' for MS Excel compliance.
2025-04-10 15:45:13.736 [JavaFX Application Thread] WARN  org.apache.poi.xssf.usermodel.XSSFWorkbook - Sheet 'Payroll Report - April 2025 to April 2025' will be added with a trimmed name 'Payroll Report - April 2025 to ' for MS Excel compliance.
2025-04-10 15:47:33.881 [JavaFX Application Thread] WARN  org.apache.poi.xssf.usermodel.XSSFWorkbook - Sheet 'Payroll Report - April 2025 to June 2025' will be added with a trimmed name 'Payroll Report - April 2025 to ' for MS Excel compliance.
2025-04-10 15:47:57.540 [JavaFX Application Thread] WARN  org.apache.poi.xssf.usermodel.XSSFWorkbook - Sheet 'Payroll Report - April 2025 to June 2025' will be added with a trimmed name 'Payroll Report - April 2025 to ' for MS Excel compliance.
2025-04-10 15:59:50.177 [JavaFX Application Thread] WARN  org.apache.poi.xssf.usermodel.XSSFWorkbook - Sheet 'Payroll Report - April 2025 to April 2025' will be added with a trimmed name 'Payroll Report - April 2025 to ' for MS Excel compliance.
2025-04-10 16:00:12.714 [JavaFX Application Thread] WARN  org.apache.poi.xssf.usermodel.XSSFWorkbook - Sheet 'Payroll Report - April 2025 to April 2025' will be added with a trimmed name 'Payroll Report - April 2025 to ' for MS Excel compliance.
2025-04-22 15:58:16.609 [JavaFX Application Thread] WARN  org.apache.poi.xssf.usermodel.XSSFWorkbook - Sheet 'Payroll Report - April 2025 to April 2025' will be added with a trimmed name 'Payroll Report - April 2025 to ' for MS Excel compliance.
2025-04-22 15:59:05.982 [JavaFX Application Thread] WARN  org.apache.poi.xssf.usermodel.XSSFWorkbook - Sheet 'Payroll Report - April 2025 to April 2025' will be added with a trimmed name 'Payroll Report - April 2025 to ' for MS Excel compliance.
2025-04-22 16:01:11.331 [JavaFX Application Thread] WARN  org.apache.poi.xssf.usermodel.XSSFWorkbook - Sheet 'Payroll Report - April 2025 to April 2025' will be added with a trimmed name 'Payroll Report - April 2025 to ' for MS Excel compliance.
2025-04-22 16:03:03.500 [JavaFX Application Thread] WARN  org.apache.poi.xssf.usermodel.XSSFWorkbook - Sheet 'Payroll Report - April 2025 to April 2025' will be added with a trimmed name 'Payroll Report - April 2025 to ' for MS Excel compliance.
2025-04-22 16:04:18.785 [JavaFX Application Thread] WARN  org.apache.poi.xssf.usermodel.XSSFWorkbook - Sheet 'Payroll Report - April 2025 to April 2025' will be added with a trimmed name 'Payroll Report - April 2025 to ' for MS Excel compliance.
2025-04-22 16:07:07.902 [JavaFX Application Thread] WARN  org.apache.poi.xssf.usermodel.XSSFWorkbook - Sheet 'Payroll Report - April 2025 to April 2025' will be added with a trimmed name 'Payroll Report - April 2025 to ' for MS Excel compliance.
2025-04-22 16:07:51.753 [JavaFX Application Thread] WARN  org.apache.poi.xssf.usermodel.XSSFWorkbook - Sheet 'Payroll Report - April 2025 to April 2025' will be added with a trimmed name 'Payroll Report - April 2025 to ' for MS Excel compliance.
2025-04-22 16:08:52.722 [JavaFX Application Thread] WARN  org.apache.poi.xssf.usermodel.XSSFWorkbook - Sheet 'Payroll Report - April 2025 to April 2025' will be added with a trimmed name 'Payroll Report - April 2025 to ' for MS Excel compliance.
2025-04-22 16:11:43.836 [JavaFX Application Thread] WARN  org.apache.poi.xssf.usermodel.XSSFWorkbook - Sheet 'Payroll Report - April 2025 to April 2025' will be added with a trimmed name 'Payroll Report - April 2025 to ' for MS Excel compliance.
2025-04-22 16:13:05.215 [JavaFX Application Thread] WARN  org.apache.poi.xssf.usermodel.XSSFWorkbook - Sheet 'Payroll Report - April 2025 to April 2025' will be added with a trimmed name 'Payroll Report - April 2025 to ' for MS Excel compliance.
2025-04-22 16:18:10.730 [JavaFX Application Thread] WARN  org.apache.poi.xssf.usermodel.XSSFWorkbook - Sheet 'Payroll Report - April 2025 to April 2025' will be added with a trimmed name 'Payroll Report - April 2025 to ' for MS Excel compliance.
2025-04-22 16:19:58.836 [JavaFX Application Thread] WARN  org.apache.poi.xssf.usermodel.XSSFWorkbook - Sheet 'Payroll Report - April 2025 to April 2025' will be added with a trimmed name 'Payroll Report - April 2025 to ' for MS Excel compliance.
2025-04-22 16:20:43.476 [JavaFX Application Thread] WARN  org.apache.poi.xssf.usermodel.XSSFWorkbook - Sheet 'Payroll Report - April 2025 to April 2025' will be added with a trimmed name 'Payroll Report - April 2025 to ' for MS Excel compliance.
2025-04-24 13:47:03.715 [JavaFX Application Thread] WARN  org.apache.poi.xssf.usermodel.XSSFWorkbook - Sheet 'Payroll Report - April 2025 to April 2025' will be added with a trimmed name 'Payroll Report - April 2025 to ' for MS Excel compliance.
2025-04-24 14:01:01.668 [JavaFX Application Thread] WARN  org.apache.poi.xssf.usermodel.XSSFWorkbook - Sheet 'Payroll Report - April 2025 to April 2025' will be added with a trimmed name 'Payroll Report - April 2025 to ' for MS Excel compliance.
2025-04-24 14:36:43.495 [JavaFX Application Thread] WARN  org.apache.poi.xssf.usermodel.XSSFWorkbook - Sheet 'Payroll Report - April 2025 to April 2025' will be added with a trimmed name 'Payroll Report - April 2025 to ' for MS Excel compliance.
2025-04-24 15:20:27.137 [JavaFX Application Thread] WARN  org.apache.poi.xssf.usermodel.XSSFWorkbook - Sheet 'Payroll Report - April 2025 to April 2025' will be added with a trimmed name 'Payroll Report - April 2025 to ' for MS Excel compliance.
2025-04-24 15:21:32.443 [JavaFX Application Thread] WARN  org.apache.poi.xssf.usermodel.XSSFWorkbook - Sheet 'Payroll Report - April 2025 to April 2025' will be added with a trimmed name 'Payroll Report - April 2025 to ' for MS Excel compliance.
2025-04-24 15:26:03.062 [JavaFX Application Thread] WARN  org.apache.poi.xssf.usermodel.XSSFWorkbook - Sheet 'Payroll Report - April 2025 to April 2025' will be added with a trimmed name 'Payroll Report - April 2025 to ' for MS Excel compliance.
2025-04-24 15:28:19.901 [JavaFX Application Thread] WARN  org.apache.poi.xssf.usermodel.XSSFWorkbook - Sheet 'Payroll Report - April 2025 to April 2025' will be added with a trimmed name 'Payroll Report - April 2025 to ' for MS Excel compliance.
2025-04-24 15:32:32.692 [JavaFX Application Thread] WARN  org.apache.poi.xssf.usermodel.XSSFWorkbook - Sheet 'Payroll Report - April 2025 to April 2025' will be added with a trimmed name 'Payroll Report - April 2025 to ' for MS Excel compliance.
2025-04-24 15:33:38.446 [JavaFX Application Thread] WARN  org.apache.poi.xssf.usermodel.XSSFWorkbook - Sheet 'Payroll Report - April 2025 to April 2025' will be added with a trimmed name 'Payroll Report - April 2025 to ' for MS Excel compliance.
2025-04-24 15:34:16.856 [JavaFX Application Thread] WARN  org.apache.poi.xssf.usermodel.XSSFWorkbook - Sheet 'Payroll Report - April 2025 to April 2025' will be added with a trimmed name 'Payroll Report - April 2025 to ' for MS Excel compliance.
2025-04-25 09:57:33.715 [JavaFX Application Thread] WARN  org.apache.poi.xssf.usermodel.XSSFWorkbook - Sheet 'Payroll Report - April 2025 to April 2025' will be added with a trimmed name 'Payroll Report - April 2025 to ' for MS Excel compliance.
2025-04-25 09:58:42.465 [JavaFX Application Thread] WARN  org.apache.poi.xssf.usermodel.XSSFWorkbook - Sheet 'Payroll Report - April 2025 to April 2025' will be added with a trimmed name 'Payroll Report - April 2025 to ' for MS Excel compliance.
2025-04-25 10:00:12.602 [JavaFX Application Thread] WARN  org.apache.poi.xssf.usermodel.XSSFWorkbook - Sheet 'Payroll Report - April 2025 to April 2025' will be added with a trimmed name 'Payroll Report - April 2025 to ' for MS Excel compliance.
2025-04-25 10:01:06.140 [JavaFX Application Thread] WARN  org.apache.poi.xssf.usermodel.XSSFWorkbook - Sheet 'Payroll Report - April 2025 to April 2025' will be added with a trimmed name 'Payroll Report - April 2025 to ' for MS Excel compliance.
